This is pdfTeX, Version 3.14159265-2.6-1.40.20 (TeX Live 2019/Arch Linux) (preloaded format=pdflatex 2019.11.25)  25 NOV 2019 05:48
entering extended mode
 restricted \write18 enabled.
 %&-line parsing enabled.
**portfolio.tex
(./portfolio.tex
LaTeX2e <2019-10-01> patch level 1
(/usr/share/texmf-dist/tex/latex/base/article.cls
Document Class: article 2019/08/27 v1.4j Standard LaTeX document class
(/usr/share/texmf-dist/tex/latex/base/size10.clo
File: size10.clo 2019/08/27 v1.4j Standard LaTeX file (size option)
)
\c@part=\count80
\c@section=\count81
\c@subsection=\count82
\c@subsubsection=\count83
\c@paragraph=\count84
\c@subparagraph=\count85
\c@figure=\count86
\c@table=\count87
\abovecaptionskip=\skip41
\belowcaptionskip=\skip42
\bibindent=\dimen102
) (./portfolio.aux)
\openout1 = `portfolio.aux'.

LaTeX Font Info:    Checking defaults for OML/cmm/m/it on input line 4.
LaTeX Font Info:    ... okay on input line 4.
LaTeX Font Info:    Checking defaults for T1/cmr/m/n on input line 4.
LaTeX Font Info:    ... okay on input line 4.
LaTeX Font Info:    Checking defaults for OT1/cmr/m/n on input line 4.
LaTeX Font Info:    ... okay on input line 4.
LaTeX Font Info:    Checking defaults for OMS/cmsy/m/n on input line 4.
LaTeX Font Info:    ... okay on input line 4.
LaTeX Font Info:    Checking defaults for OMX/cmex/m/n on input line 4.
LaTeX Font Info:    ... okay on input line 4.
LaTeX Font Info:    Checking defaults for U/cmr/m/n on input line 4.
LaTeX Font Info:    ... okay on input line 4.
LaTeX Font Info:    External font `cmex10' loaded for size
(Font)              <12> on input line 8.
LaTeX Font Info:    External font `cmex10' loaded for size
(Font)              <8> on input line 8.
LaTeX Font Info:    External font `cmex10' loaded for size
(Font)              <6> on input line 8.
LaTeX Font Info:    Trying to load font information for OMS+cmr on input line 1
6.

(/usr/share/texmf-dist/tex/latex/base/omscmr.fd
File: omscmr.fd 2014/09/29 v2.5h Standard LaTeX font definitions
)
LaTeX Font Info:    Font shape `OMS/cmr/m/n' in size <10> not available
(Font)              Font shape `OMS/cmsy/m/n' tried instead on input line 16.
 [1

{/var/lib/texmf/fonts/map/pdftex/updmap/pdftex.map}] [2] [3] [4] [5] [6] [7] [8
] [9] [10] (./portfolio.aux) ) 
Here is how much of TeX's memory you used:
 258 strings out of 492167
 2822 string characters out of 6131557
 66582 words of memory out of 5000000
 4694 multiletter control sequences out of 15000+600000
 7587 words of font info for 27 fonts, out of 8000000 for 9000
 1141 hyphenation exceptions out of 8191
 25i,6n,19p,1079b,187s stack positions out of 5000i,500n,10000p,200000b,80000s
</usr/share/texmf-dist/fonts/type1/public/amsfont
s/cm/cmbx12.pfb></usr/share/texmf-dist/fonts/type1/public/amsfonts/cm/cmr10.pfb
></usr/share/texmf-dist/fonts/type1/public/amsfonts/cm/cmr12.pfb></usr/share/te
xmf-dist/fonts/type1/public/amsfonts/cm/cmr17.pfb></usr/share/texmf-dist/fonts/
type1/public/amsfonts/cm/cmsy10.pfb>
Output written on portfolio.pdf (10 pages, 90802 bytes).
PDF statistics:
 57 PDF objects out of 1000 (max. 8388607)
 39 compressed objects within 1 object stream
 0 named destinations out of 1000 (max. 500000)
 1 words of extra memory for PDF output out of 10000 (max. 10000000)

